<?xml version="1.0" encoding="UTF-8"?>
<testsuite xmlns:xsi="http://www.w3.org/2001/XMLSchema-instance" xsi:noNamespaceSchemaLocation="https://maven.apache.org/surefire/maven-surefire-plugin/xsd/surefire-test-report-3.0.xsd" version="3.0" name="com.example.seminar_registration_demo2.SeminarRegistrationDemo2ApplicationTests" time="5.398" tests="1" errors="0" skipped="0" failures="0">
  <properties>
[...]
</properties>
  <testcase name="contextLoads" classname="com.example.seminar_registration_demo2.SeminarRegistrationDemo2ApplicationTests" time="0.501">
    <system-out><![CDATA[08:24:10.451 [main] INFO org.springframework.test.context.support.AnnotationConfigContextLoaderUtils -- Could not detect default configuration classes for test class [com.example.seminar_registration_demo2.SeminarRegistrationDemo2ApplicationTests]: SeminarRegistrationDemo2ApplicationTests does not declare any static, non-private, non-final, nested classes annotated with @Configuration.
08:24:10.596 [main] INFO org.springframework.boot.test.context.SpringBootTestContextBootstrapper -- Found @SpringBootConfiguration com.example.seminar_registration_demo2.SeminarRegistrationDemo2Application for test class com.example.seminar_registration_demo2.SeminarRegistrationDemo2ApplicationTests

  .   ____          _            __ _ _
 /\\ / ___'_ __ _ _(_)_ __  __ _ \ \ \ \
( ( )\___ | '_ | '_| | '_ \/ _` | \ \ \ \
 \\/  ___)| |_)| | | | | || (_| |  ) ) ) )
  '  |____| .__|_| |_|_| |_\__, | / / / /
 =========|_|==============|___/=/_/_/_/

 :: Spring Boot ::                (v3.3.2)

2024-09-08T08:24:11.003+07:00  INFO 6428 --- [           main] SeminarRegistrationDemo2ApplicationTests : Starting SeminarRegistrationDemo2ApplicationTests using Java 17.0.8.1 with PID 6428 (started by pozha in C:\Users\pozha\Downloads\seminar_registration_demo2)
2024-09-08T08:24:11.004+07:00  INFO 6428 --- [           main] SeminarRegistrationDemo2ApplicationTests : No active profile set, falling back to 1 default profile: "default"
2024-09-08T08:24:11.720+07:00  INFO 6428 --- [           main] .s.d.r.c.RepositoryConfigurationDelegate : Bootstrapping Spring Data JPA repositories in DEFAULT mode.
2024-09-08T08:24:11.778+07:00  INFO 6428 --- [           main] .s.d.r.c.RepositoryConfigurationDelegate : Finished Spring Data repository scanning in 50 ms. Found 1 JPA repository interface.
2024-09-08T08:24:12.172+07:00  INFO 6428 --- [           main] com.zaxxer.hikari.HikariDataSource       : HikariPool-1 - Starting...
2024-09-08T08:24:12.442+07:00  INFO 6428 --- [           main] com.zaxxer.hikari.pool.HikariPool        : HikariPool-1 - Added connection org.postgresql.jdbc.PgConnection@171dc7c3
2024-09-08T08:24:12.444+07:00  INFO 6428 --- [           main] com.zaxxer.hikari.HikariDataSource       : HikariPool-1 - Start completed.
2024-09-08T08:24:12.576+07:00  INFO 6428 --- [           main] o.hibernate.jpa.internal.util.LogHelper  : HHH000204: Processing PersistenceUnitInfo [name: default]
2024-09-08T08:24:12.648+07:00  INFO 6428 --- [           main] org.hibernate.Version                    : HHH000412: Hibernate ORM core version 6.5.2.Final
2024-09-08T08:24:12.693+07:00  INFO 6428 --- [           main] o.h.c.internal.RegionFactoryInitiator    : HHH000026: Second-level cache disabled
2024-09-08T08:24:13.038+07:00  INFO 6428 --- [           main] o.s.o.j.p.SpringPersistenceUnitInfo      : No LoadTimeWeaver setup: ignoring JPA class transformer
2024-09-08T08:24:14.035+07:00  INFO 6428 --- [           main] o.h.e.t.j.p.i.JtaPlatformInitiator       : HHH000489: No JTA platform available (set 'hibernate.transaction.jta.platform' to enable JTA platform integration)
2024-09-08T08:24:14.038+07:00  INFO 6428 --- [           main] j.LocalContainerEntityManagerFactoryBean : Initialized JPA EntityManagerFactory for persistence unit 'default'
2024-09-08T08:24:14.276+07:00  INFO 6428 --- [           main] o.s.d.j.r.query.QueryEnhancerFactory     : Hibernate is in classpath; If applicable, HQL parser will be used.
2024-09-08T08:24:14.748+07:00  WARN 6428 --- [           main] JpaBaseConfiguration$JpaWebConfiguration : spring.jpa.open-in-view is enabled by default. Therefore, database queries may be performed during view rendering. Explicitly configure spring.jpa.open-in-view to disable this warning
2024-09-08T08:24:15.104+07:00  INFO 6428 --- [           main] SeminarRegistrationDemo2ApplicationTests : Started SeminarRegistrationDemo2ApplicationTests in 4.352 seconds (process running for 5.815)
]]></system-out>
  </testcase>
</testsuite>